[debug] [2020-10-16T08:06:29.778Z] ----------------------------------------------------------------------
[debug] [2020-10-16T08:06:29.781Z] Command:       C:\Program Files\nodejs\node.exe C:\Users\Gaurav\AppData\Roaming\npm\node_modules\firebase-tools\lib\bin\firebase.js emulators:start --only functions
[debug] [2020-10-16T08:06:29.782Z] CLI Version:   8.9.0
[debug] [2020-10-16T08:06:29.782Z] Platform:      win32
[debug] [2020-10-16T08:06:29.782Z] Node Version:  v12.18.3
[debug] [2020-10-16T08:06:29.784Z] Time:          Fri Oct 16 2020 13:36:29 GMT+0530 (India Standard Time)
[debug] [2020-10-16T08:06:29.784Z] ----------------------------------------------------------------------
[debug] [2020-10-16T08:06:29.784Z] 
[debug] [2020-10-16T08:06:29.801Z] > command requires scopes: ["email","openid","https://www.googleapis.com/auth/cloudplatformprojects.readonly","https://www.googleapis.com/auth/firebase","https://www.googleapis.com/auth/cloud-platform"]
[debug] [2020-10-16T08:06:29.801Z] > authorizing via signed-in user
[info] i  emulators: Starting emulators: functions {"metadata":{"emulator":{"name":"hub"},"message":"Starting emulators: functions"}}
[debug] [2020-10-16T08:06:30.861Z] [hub] writing locator at C:\Users\Gaurav\AppData\Local\Temp\hub-stock-f8849.json
[debug] [2020-10-16T08:06:31.893Z] defaultcredentials: writing to file C:\Users\Gaurav\AppData\Roaming\firebase\prateek_dhanuka03_gmail.com_application_default_credentials.json
[debug] [2020-10-16T08:06:31.895Z] Setting GAC to C:\Users\Gaurav\AppData\Roaming\firebase\prateek_dhanuka03_gmail.com_application_default_credentials.json {"metadata":{"emulator":{"name":"functions"},"message":"Setting GAC to C:\\Users\\Gaurav\\AppData\\Roaming\\firebase\\prateek_dhanuka03_gmail.com_application_default_credentials.json"}}
[warn] !  functions: The following emulators are not running, calls to these services from the Functions emulator will affect production: firestore, database, hosting, pubsub {"metadata":{"emulator":{"name":"functions"},"message":"The following emulators are not running, calls to these services from the Functions emulator will affect production: \u001b[1mfirestore, database, hosting, pubsub\u001b[22m"}}
[warn] !  Your requested "node" version "10" doesn't match your global version "12" {"metadata":{"emulator":{"name":"functions"},"message":"Your requested \"node\" version \"10\" doesn't match your global version \"12\""}}
[debug] [2020-10-16T08:06:33.986Z] Ignoring unsupported arg: auto_download {"metadata":{"emulator":{"name":"ui"},"message":"Ignoring unsupported arg: auto_download"}}
[debug] [2020-10-16T08:06:33.987Z] Ignoring unsupported arg: port {"metadata":{"emulator":{"name":"ui"},"message":"Ignoring unsupported arg: port"}}
[debug] [2020-10-16T08:06:33.988Z] Starting Emulator UI with command {"binary":"node","args":["C:\\Users\\Gaurav\\.cache\\firebase\\emulators\\ui-v1.1.1\\server.bundle.js"],"optionalArgs":[],"joinArgs":false} {"metadata":{"emulator":{"name":"ui"},"message":"Starting Emulator UI with command {\"binary\":\"node\",\"args\":[\"C:\\\\Users\\\\Gaurav\\\\.cache\\\\firebase\\\\emulators\\\\ui-v1.1.1\\\\server.bundle.js\"],\"optionalArgs\":[],\"joinArgs\":false}"}}
[info] i  ui: Emulator UI logging to ui-debug.log {"metadata":{"emulator":{"name":"ui"},"message":"Emulator UI logging to \u001b[1mui-debug.log\u001b[22m"}}
[debug] [2020-10-16T08:06:34.183Z] Web / API server started at http://localhost:4000
 {"metadata":{"emulator":{"name":"ui"},"message":"Web / API server started at http://localhost:4000\n"}}
[info] i  functions: Watching "D:\Prateek\JS\Stock\stock-management\functions" for Cloud Functions... {"metadata":{"emulator":{"name":"functions"},"message":"Watching \"D:\\Prateek\\JS\\Stock\\stock-management\\functions\" for Cloud Functions..."}}
[debug] [2020-10-16T08:06:34.546Z] [worker-pool] addWorker(~diagnostic~) {"metadata":{"emulator":{"name":"functions"},"message":"[worker-pool] addWorker(~diagnostic~)"}}
[debug] [2020-10-16T08:06:34.546Z] [worker-pool] Adding worker with key ~diagnostic~, total=1 {"metadata":{"emulator":{"name":"functions"},"message":"[worker-pool] Adding worker with key ~diagnostic~, total=1"}}
[debug] [2020-10-16T08:06:34.546Z] [worker-pool] submitWork(triggerId=) {"metadata":{"emulator":{"name":"functions"},"message":"[worker-pool] submitWork(triggerId=)"}}
[debug] [2020-10-16T08:06:34.547Z] [worker-~diagnostic~-83f1912a-0bf4-46a6-8c48-652bf78a06ff]: Assigning socketPath: \\?\pipe\D:\Prateek\JS\Stock\stock-management\functions\10724 {"metadata":{"emulator":{"name":"functions"},"message":"[worker-~diagnostic~-83f1912a-0bf4-46a6-8c48-652bf78a06ff]: Assigning socketPath: \\\\?\\pipe\\D:\\Prateek\\JS\\Stock\\stock-management\\functions\\10724"}}
[debug] [2020-10-16T08:06:34.547Z] [worker-~diagnostic~-83f1912a-0bf4-46a6-8c48-652bf78a06ff]: BUSY {"metadata":{"emulator":{"name":"functions"},"message":"[worker-~diagnostic~-83f1912a-0bf4-46a6-8c48-652bf78a06ff]: BUSY"}}
[debug] [2020-10-16T08:06:35.493Z] [runtime-status] [10724] Functions runtime initialized. {"cwd":"D:\\Prateek\\JS\\Stock\\stock-management\\functions","node_version":"12.18.3"} {"metadata":{"emulator":{"name":"functions"},"message":"[runtime-status] [10724] Functions runtime initialized. {\"cwd\":\"D:\\\\Prateek\\\\JS\\\\Stock\\\\stock-management\\\\functions\",\"node_version\":\"12.18.3\"}"}}
[debug] [2020-10-16T08:06:35.506Z] [runtime-status] [10724] Disabled runtime features: undefined {"metadata":{"emulator":{"name":"functions"},"message":"[runtime-status] [10724] Disabled runtime features: undefined"}}
[debug] [2020-10-16T08:06:35.512Z] [runtime-status] [10724] Resolved module firebase-admin {"declared":true,"installed":true,"version":"8.13.0","resolution":"D:\\Prateek\\JS\\Stock\\stock-management\\functions\\node_modules\\firebase-admin\\lib\\index.js"} {"metadata":{"emulator":{"name":"functions"},"message":"[runtime-status] [10724] Resolved module firebase-admin {\"declared\":true,\"installed\":true,\"version\":\"8.13.0\",\"resolution\":\"D:\\\\Prateek\\\\JS\\\\Stock\\\\stock-management\\\\functions\\\\node_modules\\\\firebase-admin\\\\lib\\\\index.js\"}"}}
[debug] [2020-10-16T08:06:35.522Z] [runtime-status] [10724] Resolved module firebase-functions {"declared":true,"installed":true,"version":"3.11.0","resolution":"D:\\Prateek\\JS\\Stock\\stock-management\\functions\\node_modules\\firebase-functions\\lib\\index.js"} {"metadata":{"emulator":{"name":"functions"},"message":"[runtime-status] [10724] Resolved module firebase-functions {\"declared\":true,\"installed\":true,\"version\":\"3.11.0\",\"resolution\":\"D:\\\\Prateek\\\\JS\\\\Stock\\\\stock-management\\\\functions\\\\node_modules\\\\firebase-functions\\\\lib\\\\index.js\"}"}}
[debug] [2020-10-16T08:06:35.524Z] [runtime-status] [10724] Resolved module firebase-functions {"declared":true,"installed":true,"version":"3.11.0","resolution":"D:\\Prateek\\JS\\Stock\\stock-management\\functions\\node_modules\\firebase-functions\\lib\\index.js"} {"metadata":{"emulator":{"name":"functions"},"message":"[runtime-status] [10724] Resolved module firebase-functions {\"declared\":true,\"installed\":true,\"version\":\"3.11.0\",\"resolution\":\"D:\\\\Prateek\\\\JS\\\\Stock\\\\stock-management\\\\functions\\\\node_modules\\\\firebase-functions\\\\lib\\\\index.js\"}"}}
[debug] [2020-10-16T08:06:35.528Z] [runtime-status] [10724] Outgoing network have been stubbed. [{"name":"http","status":"mocked"},{"name":"http","status":"mocked"},{"name":"https","status":"mocked"},{"name":"https","status":"mocked"},{"name":"net","status":"mocked"}] {"metadata":{"emulator":{"name":"functions"},"message":"[runtime-status] [10724] Outgoing network have been stubbed. [{\"name\":\"http\",\"status\":\"mocked\"},{\"name\":\"http\",\"status\":\"mocked\"},{\"name\":\"https\",\"status\":\"mocked\"},{\"name\":\"https\",\"status\":\"mocked\"},{\"name\":\"net\",\"status\":\"mocked\"}]"}}
[debug] [2020-10-16T08:06:35.529Z] [runtime-status] [10724] Resolved module firebase-functions {"declared":true,"installed":true,"version":"3.11.0","resolution":"D:\\Prateek\\JS\\Stock\\stock-management\\functions\\node_modules\\firebase-functions\\lib\\index.js"} {"metadata":{"emulator":{"name":"functions"},"message":"[runtime-status] [10724] Resolved module firebase-functions {\"declared\":true,\"installed\":true,\"version\":\"3.11.0\",\"resolution\":\"D:\\\\Prateek\\\\JS\\\\Stock\\\\stock-management\\\\functions\\\\node_modules\\\\firebase-functions\\\\lib\\\\index.js\"}"}}
[debug] [2020-10-16T08:06:35.601Z] [runtime-status] [10724] Checked functions.config() {"config":{}} {"metadata":{"emulator":{"name":"functions"},"message":"[runtime-status] [10724] Checked functions.config() {\"config\":{}}"}}
[debug] [2020-10-16T08:06:35.601Z] [runtime-status] [10724] firebase-functions has been stubbed. {"functionsResolution":{"declared":true,"installed":true,"version":"3.11.0","resolution":"D:\\Prateek\\JS\\Stock\\stock-management\\functions\\node_modules\\firebase-functions\\lib\\index.js"}} {"metadata":{"emulator":{"name":"functions"},"message":"[runtime-status] [10724] firebase-functions has been stubbed. {\"functionsResolution\":{\"declared\":true,\"installed\":true,\"version\":\"3.11.0\",\"resolution\":\"D:\\\\Prateek\\\\JS\\\\Stock\\\\stock-management\\\\functions\\\\node_modules\\\\firebase-functions\\\\lib\\\\index.js\"}}"}}
[debug] [2020-10-16T08:06:35.603Z] [runtime-status] [10724] Resolved module firebase-functions {"declared":true,"installed":true,"version":"3.11.0","resolution":"D:\\Prateek\\JS\\Stock\\stock-management\\functions\\node_modules\\firebase-functions\\lib\\index.js"} {"metadata":{"emulator":{"name":"functions"},"message":"[runtime-status] [10724] Resolved module firebase-functions {\"declared\":true,\"installed\":true,\"version\":\"3.11.0\",\"resolution\":\"D:\\\\Prateek\\\\JS\\\\Stock\\\\stock-management\\\\functions\\\\node_modules\\\\firebase-functions\\\\lib\\\\index.js\"}"}}
[debug] [2020-10-16T08:06:35.604Z] [runtime-status] [10724] Resolved module firebase-admin {"declared":true,"installed":true,"version":"8.13.0","resolution":"D:\\Prateek\\JS\\Stock\\stock-management\\functions\\node_modules\\firebase-admin\\lib\\index.js"} {"metadata":{"emulator":{"name":"functions"},"message":"[runtime-status] [10724] Resolved module firebase-admin {\"declared\":true,\"installed\":true,\"version\":\"8.13.0\",\"resolution\":\"D:\\\\Prateek\\\\JS\\\\Stock\\\\stock-management\\\\functions\\\\node_modules\\\\firebase-admin\\\\lib\\\\index.js\"}"}}
[debug] [2020-10-16T08:06:35.605Z] [runtime-status] [10724] Resolved module firebase-functions {"declared":true,"installed":true,"version":"3.11.0","resolution":"D:\\Prateek\\JS\\Stock\\stock-management\\functions\\node_modules\\firebase-functions\\lib\\index.js"} {"metadata":{"emulator":{"name":"functions"},"message":"[runtime-status] [10724] Resolved module firebase-functions {\"declared\":true,\"installed\":true,\"version\":\"3.11.0\",\"resolution\":\"D:\\\\Prateek\\\\JS\\\\Stock\\\\stock-management\\\\functions\\\\node_modules\\\\firebase-functions\\\\lib\\\\index.js\"}"}}
[debug] [2020-10-16T08:06:35.606Z] [runtime-status] [10724] firebase-admin has been stubbed. {"adminResolution":{"declared":true,"installed":true,"version":"8.13.0","resolution":"D:\\Prateek\\JS\\Stock\\stock-management\\functions\\node_modules\\firebase-admin\\lib\\index.js"}} {"metadata":{"emulator":{"name":"functions"},"message":"[runtime-status] [10724] firebase-admin has been stubbed. {\"adminResolution\":{\"declared\":true,\"installed\":true,\"version\":\"8.13.0\",\"resolution\":\"D:\\\\Prateek\\\\JS\\\\Stock\\\\stock-management\\\\functions\\\\node_modules\\\\firebase-admin\\\\lib\\\\index.js\"}}"}}
[info] +  functions[helloWorld]: http function initialized (http://localhost:5001/stock-f8849/us-central1/helloWorld). {"metadata":{"emulator":{"name":"functions"},"message":"\u001b[1mhttp\u001b[22m function initialized (http://localhost:5001/stock-f8849/us-central1/helloWorld)."}}
[info] 
┌───────────────────────────────────────────────────────────────────────┐
│ ✔  All emulators ready! View status and logs at http://localhost:4000 │
└───────────────────────────────────────────────────────────────────────┘

┌───────────┬────────────────┬─────────────────────────────────┐
│ Emulator  │ Host:Port      │ View in Emulator UI             │
├───────────┼────────────────┼─────────────────────────────────┤
│ Functions │ localhost:5001 │ http://localhost:4000/functions │
└───────────┴────────────────┴─────────────────────────────────┘
  Other reserved ports: 4400, 4500

Issues? Report them at https://github.com/firebase/firebase-tools/issues and attach the *-debug.log files.
 
[debug] [2020-10-16T08:06:35.617Z] [worker-~diagnostic~-83f1912a-0bf4-46a6-8c48-652bf78a06ff]: IDLE {"metadata":{"emulator":{"name":"functions"},"message":"[worker-~diagnostic~-83f1912a-0bf4-46a6-8c48-652bf78a06ff]: IDLE"}}
[debug] [2020-10-16T08:06:45.849Z] [work-queue] {"queueLength":1,"workRunningCount":0}
[debug] [2020-10-16T08:06:45.849Z] [work-queue] {"queueLength":0,"workRunningCount":1}
[debug] [2020-10-16T08:06:45.850Z] Accepted request GET /stock-f8849/us-central1/helloWorld --> helloWorld
[debug] [2020-10-16T08:06:45.862Z] [worker-pool] addWorker(helloWorld) {"metadata":{"emulator":{"name":"functions"},"message":"[worker-pool] addWorker(helloWorld)"}}
[debug] [2020-10-16T08:06:45.863Z] [worker-pool] Adding worker with key helloWorld, total=1 {"metadata":{"emulator":{"name":"functions"},"message":"[worker-pool] Adding worker with key helloWorld, total=1"}}
[debug] [2020-10-16T08:06:45.863Z] [worker-pool] submitWork(triggerId=helloWorld) {"metadata":{"emulator":{"name":"functions"},"message":"[worker-pool] submitWork(triggerId=helloWorld)"}}
[debug] [2020-10-16T08:06:45.863Z] [worker-helloWorld-9f0849f2-67d8-4942-8948-3117cf80055a]: Assigning socketPath: \\?\pipe\D:\Prateek\JS\Stock\stock-management\functions\3988 {"metadata":{"emulator":{"name":"functions"},"message":"[worker-helloWorld-9f0849f2-67d8-4942-8948-3117cf80055a]: Assigning socketPath: \\\\?\\pipe\\D:\\Prateek\\JS\\Stock\\stock-management\\functions\\3988"}}
[debug] [2020-10-16T08:06:45.863Z] [worker-helloWorld-9f0849f2-67d8-4942-8948-3117cf80055a]: BUSY {"metadata":{"emulator":{"name":"functions"},"message":"[worker-helloWorld-9f0849f2-67d8-4942-8948-3117cf80055a]: BUSY"}}
[debug] [2020-10-16T08:06:46.841Z] [runtime-status] [3988] Functions runtime initialized. {"cwd":"D:\\Prateek\\JS\\Stock\\stock-management\\functions","node_version":"12.18.3"} {"metadata":{"emulator":{"name":"functions"},"function":{"name":"helloWorld"},"message":"[runtime-status] [3988] Functions runtime initialized. {\"cwd\":\"D:\\\\Prateek\\\\JS\\\\Stock\\\\stock-management\\\\functions\",\"node_version\":\"12.18.3\"}"}}
[debug] [2020-10-16T08:06:46.849Z] [runtime-status] [3988] Disabled runtime features: undefined {"metadata":{"emulator":{"name":"functions"},"function":{"name":"helloWorld"},"message":"[runtime-status] [3988] Disabled runtime features: undefined"}}
[debug] [2020-10-16T08:06:46.858Z] [runtime-status] [3988] Resolved module firebase-admin {"declared":true,"installed":true,"version":"8.13.0","resolution":"D:\\Prateek\\JS\\Stock\\stock-management\\functions\\node_modules\\firebase-admin\\lib\\index.js"} {"metadata":{"emulator":{"name":"functions"},"function":{"name":"helloWorld"},"message":"[runtime-status] [3988] Resolved module firebase-admin {\"declared\":true,\"installed\":true,\"version\":\"8.13.0\",\"resolution\":\"D:\\\\Prateek\\\\JS\\\\Stock\\\\stock-management\\\\functions\\\\node_modules\\\\firebase-admin\\\\lib\\\\index.js\"}"}}
[debug] [2020-10-16T08:06:46.867Z] [runtime-status] [3988] Resolved module firebase-functions {"declared":true,"installed":true,"version":"3.11.0","resolution":"D:\\Prateek\\JS\\Stock\\stock-management\\functions\\node_modules\\firebase-functions\\lib\\index.js"} {"metadata":{"emulator":{"name":"functions"},"function":{"name":"helloWorld"},"message":"[runtime-status] [3988] Resolved module firebase-functions {\"declared\":true,\"installed\":true,\"version\":\"3.11.0\",\"resolution\":\"D:\\\\Prateek\\\\JS\\\\Stock\\\\stock-management\\\\functions\\\\node_modules\\\\firebase-functions\\\\lib\\\\index.js\"}"}}
[debug] [2020-10-16T08:06:46.869Z] [runtime-status] [3988] Resolved module firebase-functions {"declared":true,"installed":true,"version":"3.11.0","resolution":"D:\\Prateek\\JS\\Stock\\stock-management\\functions\\node_modules\\firebase-functions\\lib\\index.js"} {"metadata":{"emulator":{"name":"functions"},"function":{"name":"helloWorld"},"message":"[runtime-status] [3988] Resolved module firebase-functions {\"declared\":true,\"installed\":true,\"version\":\"3.11.0\",\"resolution\":\"D:\\\\Prateek\\\\JS\\\\Stock\\\\stock-management\\\\functions\\\\node_modules\\\\firebase-functions\\\\lib\\\\index.js\"}"}}
[debug] [2020-10-16T08:06:46.874Z] [runtime-status] [3988] Outgoing network have been stubbed. [{"name":"http","status":"mocked"},{"name":"http","status":"mocked"},{"name":"https","status":"mocked"},{"name":"https","status":"mocked"},{"name":"net","status":"mocked"}] {"metadata":{"emulator":{"name":"functions"},"function":{"name":"helloWorld"},"message":"[runtime-status] [3988] Outgoing network have been stubbed. [{\"name\":\"http\",\"status\":\"mocked\"},{\"name\":\"http\",\"status\":\"mocked\"},{\"name\":\"https\",\"status\":\"mocked\"},{\"name\":\"https\",\"status\":\"mocked\"},{\"name\":\"net\",\"status\":\"mocked\"}]"}}
[debug] [2020-10-16T08:06:46.875Z] [runtime-status] [3988] Resolved module firebase-functions {"declared":true,"installed":true,"version":"3.11.0","resolution":"D:\\Prateek\\JS\\Stock\\stock-management\\functions\\node_modules\\firebase-functions\\lib\\index.js"} {"metadata":{"emulator":{"name":"functions"},"function":{"name":"helloWorld"},"message":"[runtime-status] [3988] Resolved module firebase-functions {\"declared\":true,\"installed\":true,\"version\":\"3.11.0\",\"resolution\":\"D:\\\\Prateek\\\\JS\\\\Stock\\\\stock-management\\\\functions\\\\node_modules\\\\firebase-functions\\\\lib\\\\index.js\"}"}}
[debug] [2020-10-16T08:06:46.973Z] [runtime-status] [3988] Checked functions.config() {"config":{}} {"metadata":{"emulator":{"name":"functions"},"function":{"name":"helloWorld"},"message":"[runtime-status] [3988] Checked functions.config() {\"config\":{}}"}}
[debug] [2020-10-16T08:06:46.973Z] [runtime-status] [3988] firebase-functions has been stubbed. {"functionsResolution":{"declared":true,"installed":true,"version":"3.11.0","resolution":"D:\\Prateek\\JS\\Stock\\stock-management\\functions\\node_modules\\firebase-functions\\lib\\index.js"}} {"metadata":{"emulator":{"name":"functions"},"function":{"name":"helloWorld"},"message":"[runtime-status] [3988] firebase-functions has been stubbed. {\"functionsResolution\":{\"declared\":true,\"installed\":true,\"version\":\"3.11.0\",\"resolution\":\"D:\\\\Prateek\\\\JS\\\\Stock\\\\stock-management\\\\functions\\\\node_modules\\\\firebase-functions\\\\lib\\\\index.js\"}}"}}
[debug] [2020-10-16T08:06:46.974Z] [runtime-status] [3988] Resolved module firebase-functions {"declared":true,"installed":true,"version":"3.11.0","resolution":"D:\\Prateek\\JS\\Stock\\stock-management\\functions\\node_modules\\firebase-functions\\lib\\index.js"} {"metadata":{"emulator":{"name":"functions"},"function":{"name":"helloWorld"},"message":"[runtime-status] [3988] Resolved module firebase-functions {\"declared\":true,\"installed\":true,\"version\":\"3.11.0\",\"resolution\":\"D:\\\\Prateek\\\\JS\\\\Stock\\\\stock-management\\\\functions\\\\node_modules\\\\firebase-functions\\\\lib\\\\index.js\"}"}}
[debug] [2020-10-16T08:06:46.977Z] [runtime-status] [3988] Resolved module firebase-admin {"declared":true,"installed":true,"version":"8.13.0","resolution":"D:\\Prateek\\JS\\Stock\\stock-management\\functions\\node_modules\\firebase-admin\\lib\\index.js"} {"metadata":{"emulator":{"name":"functions"},"function":{"name":"helloWorld"},"message":"[runtime-status] [3988] Resolved module firebase-admin {\"declared\":true,\"installed\":true,\"version\":\"8.13.0\",\"resolution\":\"D:\\\\Prateek\\\\JS\\\\Stock\\\\stock-management\\\\functions\\\\node_modules\\\\firebase-admin\\\\lib\\\\index.js\"}"}}
[debug] [2020-10-16T08:06:46.978Z] [runtime-status] [3988] Resolved module firebase-functions {"declared":true,"installed":true,"version":"3.11.0","resolution":"D:\\Prateek\\JS\\Stock\\stock-management\\functions\\node_modules\\firebase-functions\\lib\\index.js"} {"metadata":{"emulator":{"name":"functions"},"function":{"name":"helloWorld"},"message":"[runtime-status] [3988] Resolved module firebase-functions {\"declared\":true,\"installed\":true,\"version\":\"3.11.0\",\"resolution\":\"D:\\\\Prateek\\\\JS\\\\Stock\\\\stock-management\\\\functions\\\\node_modules\\\\firebase-functions\\\\lib\\\\index.js\"}"}}
[debug] [2020-10-16T08:06:46.979Z] [runtime-status] [3988] firebase-admin has been stubbed. {"adminResolution":{"declared":true,"installed":true,"version":"8.13.0","resolution":"D:\\Prateek\\JS\\Stock\\stock-management\\functions\\node_modules\\firebase-admin\\lib\\index.js"}} {"metadata":{"emulator":{"name":"functions"},"function":{"name":"helloWorld"},"message":"[runtime-status] [3988] firebase-admin has been stubbed. {\"adminResolution\":{\"declared\":true,\"installed\":true,\"version\":\"8.13.0\",\"resolution\":\"D:\\\\Prateek\\\\JS\\\\Stock\\\\stock-management\\\\functions\\\\node_modules\\\\firebase-admin\\\\lib\\\\index.js\"}}"}}
[debug] [2020-10-16T08:06:46.983Z] [runtime-status] [3988] Trigger "helloWorld" has been found, beginning invocation! {"metadata":{"emulator":{"name":"functions"},"function":{"name":"helloWorld"},"message":"[runtime-status] [3988] Trigger \"helloWorld\" has been found, beginning invocation!"}}
[info] i  functions: Beginning execution of "helloWorld" {"metadata":{"emulator":{"name":"functions"},"function":{"name":"helloWorld"},"message":"Beginning execution of \"helloWorld\""}}
[debug] [2020-10-16T08:06:46.984Z] [runtime-status] [3988] triggerDefinition {"httpsTrigger":{},"labels":{"deployment-callable":"true"},"name":"helloWorld","entryPoint":"helloWorld"} {"metadata":{"emulator":{"name":"functions"},"function":{"name":"helloWorld"},"message":"[runtime-status] [3988] triggerDefinition {\"httpsTrigger\":{},\"labels\":{\"deployment-callable\":\"true\"},\"name\":\"helloWorld\",\"entryPoint\":\"helloWorld\"}"}}
[debug] [2020-10-16T08:06:46.985Z] [runtime-status] [3988] Running helloWorld in mode HTTPS {"metadata":{"emulator":{"name":"functions"},"function":{"name":"helloWorld"},"message":"[runtime-status] [3988] Running helloWorld in mode HTTPS"}}
[debug] [2020-10-16T08:06:46.995Z] [runtime-status] [3988] Attempting to listen to socketPath: \\?\pipe\D:\Prateek\JS\Stock\stock-management\functions\3988 {"metadata":{"emulator":{"name":"functions"},"function":{"name":"helloWorld"},"message":"[runtime-status] [3988] Attempting to listen to socketPath: \\\\?\\pipe\\D:\\Prateek\\JS\\Stock\\stock-management\\functions\\3988"}}
[debug] [2020-10-16T08:06:47.001Z] [functions] Runtime ready! Sending request! {"metadata":{"emulator":{"name":"functions"},"message":"[functions] Runtime ready! Sending request!"}}
[debug] [2020-10-16T08:06:47.017Z] [runtime-status] [3988] Ephemeral server handling GET request {"metadata":{"emulator":{"name":"functions"},"function":{"name":"helloWorld"},"message":"[runtime-status] [3988] Ephemeral server handling GET request"}}
[info] >  {"severity":"WARNING","message":"Request has invalid method. GET"} {"user":{"severity":"WARNING","message":"Request has invalid method. GET"},"metadata":{"emulator":{"name":"functions"},"function":{"name":"helloWorld"},"message":"\u001b[90m> \u001b[39m {\"severity\":\"WARNING\",\"message\":\"Request has invalid method. GET\"}"}}
[info] >  {"severity":"ERROR","message":"Invalid request, unable to process."} {"user":{"severity":"ERROR","message":"Invalid request, unable to process."},"metadata":{"emulator":{"name":"functions"},"function":{"name":"helloWorld"},"message":"\u001b[90m> \u001b[39m {\"severity\":\"ERROR\",\"message\":\"Invalid request, unable to process.\"}"}}
[debug] [2020-10-16T08:06:47.032Z] [runtime-status] [3988] Ephemeral server survived. {"metadata":{"emulator":{"name":"functions"},"function":{"name":"helloWorld"},"message":"[runtime-status] [3988] Ephemeral server survived."}}
[info] i  functions: Finished "helloWorld" in ~1s {"metadata":{"emulator":{"name":"functions"},"function":{"name":"helloWorld"},"message":"Finished \"helloWorld\" in ~1s"}}
[debug] [2020-10-16T08:06:47.036Z] [worker-helloWorld-9f0849f2-67d8-4942-8948-3117cf80055a]: IDLE {"metadata":{"emulator":{"name":"functions"},"message":"[worker-helloWorld-9f0849f2-67d8-4942-8948-3117cf80055a]: IDLE"}}
[debug] [2020-10-16T08:06:47.038Z] [work-queue] {"queueLength":0,"workRunningCount":0}
[debug] [2020-10-16T08:07:12.994Z] [work-queue] {"queueLength":1,"workRunningCount":0}
[debug] [2020-10-16T08:07:12.995Z] [work-queue] {"queueLength":0,"workRunningCount":1}
[debug] [2020-10-16T08:07:12.995Z] Accepted request GET /stock-f8849/us-central1/helloWorld --> helloWorld
[debug] [2020-10-16T08:07:12.995Z] [worker-pool] submitWork(triggerId=helloWorld) {"metadata":{"emulator":{"name":"functions"},"message":"[worker-pool] submitWork(triggerId=helloWorld)"}}
[debug] [2020-10-16T08:07:12.995Z] [worker-helloWorld-9f0849f2-67d8-4942-8948-3117cf80055a]: Assigning socketPath: \\?\pipe\D:\Prateek\JS\Stock\stock-management\functions\3988 {"metadata":{"emulator":{"name":"functions"},"message":"[worker-helloWorld-9f0849f2-67d8-4942-8948-3117cf80055a]: Assigning socketPath: \\\\?\\pipe\\D:\\Prateek\\JS\\Stock\\stock-management\\functions\\3988"}}
[debug] [2020-10-16T08:07:12.995Z] [worker-helloWorld-9f0849f2-67d8-4942-8948-3117cf80055a]: BUSY {"metadata":{"emulator":{"name":"functions"},"message":"[worker-helloWorld-9f0849f2-67d8-4942-8948-3117cf80055a]: BUSY"}}
[debug] [2020-10-16T08:07:12.996Z] [runtime-status] [3988] Trigger "helloWorld" has been found, beginning invocation! {"metadata":{"emulator":{"name":"functions"},"function":{"name":"helloWorld"},"message":"[runtime-status] [3988] Trigger \"helloWorld\" has been found, beginning invocation!"}}
[info] i  functions: Beginning execution of "helloWorld" {"metadata":{"emulator":{"name":"functions"},"function":{"name":"helloWorld"},"message":"Beginning execution of \"helloWorld\""}}
[debug] [2020-10-16T08:07:12.997Z] [runtime-status] [3988] triggerDefinition {"httpsTrigger":{},"labels":{"deployment-callable":"true"},"name":"helloWorld","entryPoint":"helloWorld"} {"metadata":{"emulator":{"name":"functions"},"function":{"name":"helloWorld"},"message":"[runtime-status] [3988] triggerDefinition {\"httpsTrigger\":{},\"labels\":{\"deployment-callable\":\"true\"},\"name\":\"helloWorld\",\"entryPoint\":\"helloWorld\"}"}}
[debug] [2020-10-16T08:07:12.998Z] [runtime-status] [3988] Running helloWorld in mode HTTPS {"metadata":{"emulator":{"name":"functions"},"function":{"name":"helloWorld"},"message":"[runtime-status] [3988] Running helloWorld in mode HTTPS"}}
[debug] [2020-10-16T08:07:12.998Z] [runtime-status] [3988] Attempting to listen to socketPath: \\?\pipe\D:\Prateek\JS\Stock\stock-management\functions\3988 {"metadata":{"emulator":{"name":"functions"},"function":{"name":"helloWorld"},"message":"[runtime-status] [3988] Attempting to listen to socketPath: \\\\?\\pipe\\D:\\Prateek\\JS\\Stock\\stock-management\\functions\\3988"}}
[debug] [2020-10-16T08:07:12.999Z] [functions] Runtime ready! Sending request! {"metadata":{"emulator":{"name":"functions"},"message":"[functions] Runtime ready! Sending request!"}}
[debug] [2020-10-16T08:07:13.002Z] [runtime-status] [3988] Ephemeral server handling GET request {"metadata":{"emulator":{"name":"functions"},"function":{"name":"helloWorld"},"message":"[runtime-status] [3988] Ephemeral server handling GET request"}}
[info] >  {"severity":"WARNING","message":"Request has invalid method. GET"} {"user":{"severity":"WARNING","message":"Request has invalid method. GET"},"metadata":{"emulator":{"name":"functions"},"function":{"name":"helloWorld"},"message":"\u001b[90m> \u001b[39m {\"severity\":\"WARNING\",\"message\":\"Request has invalid method. GET\"}"}}
[info] >  {"severity":"ERROR","message":"Invalid request, unable to process."} {"user":{"severity":"ERROR","message":"Invalid request, unable to process."},"metadata":{"emulator":{"name":"functions"},"function":{"name":"helloWorld"},"message":"\u001b[90m> \u001b[39m {\"severity\":\"ERROR\",\"message\":\"Invalid request, unable to process.\"}"}}
[debug] [2020-10-16T08:07:13.006Z] [runtime-status] [3988] Ephemeral server survived. {"metadata":{"emulator":{"name":"functions"},"function":{"name":"helloWorld"},"message":"[runtime-status] [3988] Ephemeral server survived."}}
[info] i  functions: Finished "helloWorld" in ~1s {"metadata":{"emulator":{"name":"functions"},"function":{"name":"helloWorld"},"message":"Finished \"helloWorld\" in ~1s"}}
[debug] [2020-10-16T08:07:13.008Z] [worker-helloWorld-9f0849f2-67d8-4942-8948-3117cf80055a]: IDLE {"metadata":{"emulator":{"name":"functions"},"message":"[worker-helloWorld-9f0849f2-67d8-4942-8948-3117cf80055a]: IDLE"}}
[debug] [2020-10-16T08:07:13.008Z] [work-queue] {"queueLength":0,"workRunningCount":0}
[debug] [2020-10-16T08:07:28.541Z] File D:\Prateek\JS\Stock\stock-management\functions\index.js changed, reloading triggers {"metadata":{"emulator":{"name":"functions"},"message":"File D:\\Prateek\\JS\\Stock\\stock-management\\functions\\index.js changed, reloading triggers"}}
[debug] [2020-10-16T08:07:29.542Z] [worker-pool] Shutting down IDLE worker (~diagnostic~) {"metadata":{"emulator":{"name":"functions"},"message":"[worker-pool] Shutting down IDLE worker (~diagnostic~)"}}
[debug] [2020-10-16T08:07:29.543Z] [worker-~diagnostic~-83f1912a-0bf4-46a6-8c48-652bf78a06ff]: FINISHING {"metadata":{"emulator":{"name":"functions"},"message":"[worker-~diagnostic~-83f1912a-0bf4-46a6-8c48-652bf78a06ff]: FINISHING"}}
[debug] [2020-10-16T08:07:29.543Z] [worker-pool] Shutting down IDLE worker (helloWorld) {"metadata":{"emulator":{"name":"functions"},"message":"[worker-pool] Shutting down IDLE worker (helloWorld)"}}
[debug] [2020-10-16T08:07:29.544Z] [worker-helloWorld-9f0849f2-67d8-4942-8948-3117cf80055a]: FINISHING {"metadata":{"emulator":{"name":"functions"},"message":"[worker-helloWorld-9f0849f2-67d8-4942-8948-3117cf80055a]: FINISHING"}}
[debug] [2020-10-16T08:07:29.558Z] [worker-pool] addWorker(~diagnostic~) {"metadata":{"emulator":{"name":"functions"},"message":"[worker-pool] addWorker(~diagnostic~)"}}
[debug] [2020-10-16T08:07:29.558Z] [worker-pool] Adding worker with key ~diagnostic~, total=2 {"metadata":{"emulator":{"name":"functions"},"message":"[worker-pool] Adding worker with key ~diagnostic~, total=2"}}
[debug] [2020-10-16T08:07:29.558Z] [worker-pool] submitWork(triggerId=) {"metadata":{"emulator":{"name":"functions"},"message":"[worker-pool] submitWork(triggerId=)"}}
[debug] [2020-10-16T08:07:29.559Z] [worker-~diagnostic~-a4a0be72-67fe-4c62-aec6-3ac0f24e32e8]: Assigning socketPath: \\?\pipe\D:\Prateek\JS\Stock\stock-management\functions\10864 {"metadata":{"emulator":{"name":"functions"},"message":"[worker-~diagnostic~-a4a0be72-67fe-4c62-aec6-3ac0f24e32e8]: Assigning socketPath: \\\\?\\pipe\\D:\\Prateek\\JS\\Stock\\stock-management\\functions\\10864"}}
[debug] [2020-10-16T08:07:29.559Z] [worker-~diagnostic~-a4a0be72-67fe-4c62-aec6-3ac0f24e32e8]: BUSY {"metadata":{"emulator":{"name":"functions"},"message":"[worker-~diagnostic~-a4a0be72-67fe-4c62-aec6-3ac0f24e32e8]: BUSY"}}
[debug] [2020-10-16T08:07:29.561Z] [worker-~diagnostic~-83f1912a-0bf4-46a6-8c48-652bf78a06ff]: exited {"metadata":{"emulator":{"name":"functions"},"message":"[worker-~diagnostic~-83f1912a-0bf4-46a6-8c48-652bf78a06ff]: exited"}}
[debug] [2020-10-16T08:07:29.562Z] [worker-~diagnostic~-83f1912a-0bf4-46a6-8c48-652bf78a06ff]: FINISHED {"metadata":{"emulator":{"name":"functions"},"message":"[worker-~diagnostic~-83f1912a-0bf4-46a6-8c48-652bf78a06ff]: FINISHED"}}
[debug] [2020-10-16T08:07:29.562Z] [worker-helloWorld-9f0849f2-67d8-4942-8948-3117cf80055a]: exited {"metadata":{"emulator":{"name":"functions"},"message":"[worker-helloWorld-9f0849f2-67d8-4942-8948-3117cf80055a]: exited"}}
[debug] [2020-10-16T08:07:29.562Z] [worker-helloWorld-9f0849f2-67d8-4942-8948-3117cf80055a]: FINISHED {"metadata":{"emulator":{"name":"functions"},"message":"[worker-helloWorld-9f0849f2-67d8-4942-8948-3117cf80055a]: FINISHED"}}
[debug] [2020-10-16T08:07:30.391Z] [runtime-status] [10864] Functions runtime initialized. {"cwd":"D:\\Prateek\\JS\\Stock\\stock-management\\functions","node_version":"12.18.3"} {"metadata":{"emulator":{"name":"functions"},"message":"[runtime-status] [10864] Functions runtime initialized. {\"cwd\":\"D:\\\\Prateek\\\\JS\\\\Stock\\\\stock-management\\\\functions\",\"node_version\":\"12.18.3\"}"}}
[debug] [2020-10-16T08:07:30.400Z] [runtime-status] [10864] Disabled runtime features: undefined {"metadata":{"emulator":{"name":"functions"},"message":"[runtime-status] [10864] Disabled runtime features: undefined"}}
[debug] [2020-10-16T08:07:30.420Z] [runtime-status] [10864] Resolved module firebase-admin {"declared":true,"installed":true,"version":"8.13.0","resolution":"D:\\Prateek\\JS\\Stock\\stock-management\\functions\\node_modules\\firebase-admin\\lib\\index.js"} {"metadata":{"emulator":{"name":"functions"},"message":"[runtime-status] [10864] Resolved module firebase-admin {\"declared\":true,\"installed\":true,\"version\":\"8.13.0\",\"resolution\":\"D:\\\\Prateek\\\\JS\\\\Stock\\\\stock-management\\\\functions\\\\node_modules\\\\firebase-admin\\\\lib\\\\index.js\"}"}}
[debug] [2020-10-16T08:07:30.424Z] [runtime-status] [10864] Resolved module firebase-functions {"declared":true,"installed":true,"version":"3.11.0","resolution":"D:\\Prateek\\JS\\Stock\\stock-management\\functions\\node_modules\\firebase-functions\\lib\\index.js"} {"metadata":{"emulator":{"name":"functions"},"message":"[runtime-status] [10864] Resolved module firebase-functions {\"declared\":true,\"installed\":true,\"version\":\"3.11.0\",\"resolution\":\"D:\\\\Prateek\\\\JS\\\\Stock\\\\stock-management\\\\functions\\\\node_modules\\\\firebase-functions\\\\lib\\\\index.js\"}"}}
[debug] [2020-10-16T08:07:30.426Z] [runtime-status] [10864] Resolved module firebase-functions {"declared":true,"installed":true,"version":"3.11.0","resolution":"D:\\Prateek\\JS\\Stock\\stock-management\\functions\\node_modules\\firebase-functions\\lib\\index.js"} {"metadata":{"emulator":{"name":"functions"},"message":"[runtime-status] [10864] Resolved module firebase-functions {\"declared\":true,\"installed\":true,\"version\":\"3.11.0\",\"resolution\":\"D:\\\\Prateek\\\\JS\\\\Stock\\\\stock-management\\\\functions\\\\node_modules\\\\firebase-functions\\\\lib\\\\index.js\"}"}}
[debug] [2020-10-16T08:07:30.429Z] [runtime-status] [10864] Outgoing network have been stubbed. [{"name":"http","status":"mocked"},{"name":"http","status":"mocked"},{"name":"https","status":"mocked"},{"name":"https","status":"mocked"},{"name":"net","status":"mocked"}] {"metadata":{"emulator":{"name":"functions"},"message":"[runtime-status] [10864] Outgoing network have been stubbed. [{\"name\":\"http\",\"status\":\"mocked\"},{\"name\":\"http\",\"status\":\"mocked\"},{\"name\":\"https\",\"status\":\"mocked\"},{\"name\":\"https\",\"status\":\"mocked\"},{\"name\":\"net\",\"status\":\"mocked\"}]"}}
[debug] [2020-10-16T08:07:30.430Z] [runtime-status] [10864] Resolved module firebase-functions {"declared":true,"installed":true,"version":"3.11.0","resolution":"D:\\Prateek\\JS\\Stock\\stock-management\\functions\\node_modules\\firebase-functions\\lib\\index.js"} {"metadata":{"emulator":{"name":"functions"},"message":"[runtime-status] [10864] Resolved module firebase-functions {\"declared\":true,\"installed\":true,\"version\":\"3.11.0\",\"resolution\":\"D:\\\\Prateek\\\\JS\\\\Stock\\\\stock-management\\\\functions\\\\node_modules\\\\firebase-functions\\\\lib\\\\index.js\"}"}}
[debug] [2020-10-16T08:07:30.534Z] [runtime-status] [10864] Checked functions.config() {"config":{}} {"metadata":{"emulator":{"name":"functions"},"message":"[runtime-status] [10864] Checked functions.config() {\"config\":{}}"}}
[debug] [2020-10-16T08:07:30.535Z] [runtime-status] [10864] firebase-functions has been stubbed. {"functionsResolution":{"declared":true,"installed":true,"version":"3.11.0","resolution":"D:\\Prateek\\JS\\Stock\\stock-management\\functions\\node_modules\\firebase-functions\\lib\\index.js"}} {"metadata":{"emulator":{"name":"functions"},"message":"[runtime-status] [10864] firebase-functions has been stubbed. {\"functionsResolution\":{\"declared\":true,\"installed\":true,\"version\":\"3.11.0\",\"resolution\":\"D:\\\\Prateek\\\\JS\\\\Stock\\\\stock-management\\\\functions\\\\node_modules\\\\firebase-functions\\\\lib\\\\index.js\"}}"}}
[debug] [2020-10-16T08:07:30.536Z] [runtime-status] [10864] Resolved module firebase-functions {"declared":true,"installed":true,"version":"3.11.0","resolution":"D:\\Prateek\\JS\\Stock\\stock-management\\functions\\node_modules\\firebase-functions\\lib\\index.js"} {"metadata":{"emulator":{"name":"functions"},"message":"[runtime-status] [10864] Resolved module firebase-functions {\"declared\":true,\"installed\":true,\"version\":\"3.11.0\",\"resolution\":\"D:\\\\Prateek\\\\JS\\\\Stock\\\\stock-management\\\\functions\\\\node_modules\\\\firebase-functions\\\\lib\\\\index.js\"}"}}
[debug] [2020-10-16T08:07:30.572Z] [runtime-status] [10864] Resolved module firebase-admin {"declared":true,"installed":true,"version":"8.13.0","resolution":"D:\\Prateek\\JS\\Stock\\stock-management\\functions\\node_modules\\firebase-admin\\lib\\index.js"} {"metadata":{"emulator":{"name":"functions"},"message":"[runtime-status] [10864] Resolved module firebase-admin {\"declared\":true,\"installed\":true,\"version\":\"8.13.0\",\"resolution\":\"D:\\\\Prateek\\\\JS\\\\Stock\\\\stock-management\\\\functions\\\\node_modules\\\\firebase-admin\\\\lib\\\\index.js\"}"}}
[debug] [2020-10-16T08:07:30.574Z] [runtime-status] [10864] Resolved module firebase-functions {"declared":true,"installed":true,"version":"3.11.0","resolution":"D:\\Prateek\\JS\\Stock\\stock-management\\functions\\node_modules\\firebase-functions\\lib\\index.js"} {"metadata":{"emulator":{"name":"functions"},"message":"[runtime-status] [10864] Resolved module firebase-functions {\"declared\":true,\"installed\":true,\"version\":\"3.11.0\",\"resolution\":\"D:\\\\Prateek\\\\JS\\\\Stock\\\\stock-management\\\\functions\\\\node_modules\\\\firebase-functions\\\\lib\\\\index.js\"}"}}
[debug] [2020-10-16T08:07:30.575Z] [runtime-status] [10864] firebase-admin has been stubbed. {"adminResolution":{"declared":true,"installed":true,"version":"8.13.0","resolution":"D:\\Prateek\\JS\\Stock\\stock-management\\functions\\node_modules\\firebase-admin\\lib\\index.js"}} {"metadata":{"emulator":{"name":"functions"},"message":"[runtime-status] [10864] firebase-admin has been stubbed. {\"adminResolution\":{\"declared\":true,\"installed\":true,\"version\":\"8.13.0\",\"resolution\":\"D:\\\\Prateek\\\\JS\\\\Stock\\\\stock-management\\\\functions\\\\node_modules\\\\firebase-admin\\\\lib\\\\index.js\"}}"}}
[debug] [2020-10-16T08:07:30.579Z] [worker-~diagnostic~-a4a0be72-67fe-4c62-aec6-3ac0f24e32e8]: IDLE {"metadata":{"emulator":{"name":"functions"},"message":"[worker-~diagnostic~-a4a0be72-67fe-4c62-aec6-3ac0f24e32e8]: IDLE"}}
